::1 - - [02/Mar/2020:17:25:19 -0800] "GET /phpmyadmin/ HTTP/1.1" 200 14625 "-" "Mozilla/5.0 (Windows NT 10.0; Win64; x64) AppleWebKit/537.36 (KHTML, like Gecko) Chrome/80.0.3987.122 Safari/537.36"
::1 - - [02/Mar/2020:17:25:20 -0800] "GET /phpmyadmin/themes/pmahomme/jquery/jquery-ui.css HTTP/1.1" 200 36566 "-" "Mozilla/5.0 (Windows NT 10.0; Win64; x64) AppleWebKit/537.36 (KHTML, like Gecko) Chrome/80.0.3987.122 Safari/537.36"
::1 - - [02/Mar/2020:17:25:20 -0800] "GET /phpmyadmin/js/vendor/codemirror/addon/hint/show-hint.css?v=5.0.1 HTTP/1.1" 200 623 "-" "Mozilla/5.0 (Windows NT 10.0; Win64; x64) AppleWebKit/537.36 (KHTML, like Gecko) Chrome/80.0.3987.122 Safari/537.36"
::1 - - [02/Mar/2020:17:25:20 -0800] "GET /phpmyadmin/js/vendor/codemirror/addon/lint/lint.css?v=5.0.1 HTTP/1.1" 200 2999 "-" "Mozilla/5.0 (Windows NT 10.0; Win64; x64) AppleWebKit/537.36 (KHTML, like Gecko) Chrome/80.0.3987.122 Safari/537.36"
::1 - - [02/Mar/2020:17:25:20 -0800] "GET /phpmyadmin/js/vendor/codemirror/lib/codemirror.css?v=5.0.1 HTTP/1.1" 200 8705 "-" "Mozilla/5.0 (Windows NT 10.0; Win64; x64) AppleWebKit/537.36 (KHTML, like Gecko) Chrome/80.0.3987.122 Safari/537.36"
::1 - - [02/Mar/2020:17:25:20 -0800] "GET /phpmyadmin/themes/pmahomme/css/theme.css?v=5.0.1&nocache=6175733722ltr&server=1 HTTP/1.1" 200 100397 "-" "Mozilla/5.0 (Windows NT 10.0; Win64; x64) AppleWebKit/537.36 (KHTML, like Gecko) Chrome/80.0.3987.122 Safari/537.36"
::1 - - [02/Mar/2020:17:25:20 -0800] "GET /phpmyadmin/js/vendor/jquery/jquery.min.js?v=5.0.1 HTTP/1.1" 200 88145 "-" "Mozilla/5.0 (Windows NT 10.0; Win64; x64) AppleWebKit/537.36 (KHTML, like Gecko) Chrome/80.0.3987.122 Safari/537.36"
::1 - - [02/Mar/2020:17:25:20 -0800] "GET /phpmyadmin/js/ajax.js?v=5.0.1 HTTP/1.1" 200 36644 "-" "Mozilla/5.0 (Windows NT 10.0; Win64; x64) AppleWebKit/537.36 (KHTML, like Gecko) Chrome/80.0.3987.122 Safari/537.36"
::1 - - [02/Mar/2020:17:25:20 -0800] "GET /phpmyadmin/js/vendor/sprintf.js?v=5.0.1 HTTP/1.1" 200 7387 "-" "Mozilla/5.0 (Windows NT 10.0; Win64; x64) AppleWebKit/537.36 (KHTML, like Gecko) Chrome/80.0.3987.122 Safari/537.36"
::1 - - [02/Mar/2020:17:25:20 -0800] "GET /phpmyadmin/js/vendor/jquery/jquery-migrate.js?v=5.0.1 HTTP/1.1" 200 19092 "-" "Mozilla/5.0 (Windows NT 10.0; Win64; x64) AppleWebKit/537.36 (KHTML, like Gecko) Chrome/80.0.3987.122 Safari/537.36"
::1 - - [02/Mar/2020:17:25:20 -0800] "GET /phpmyadmin/js/keyhandler.js?v=5.0.1 HTTP/1.1" 200 3337 "-" "Mozilla/5.0 (Windows NT 10.0; Win64; x64) AppleWebKit/537.36 (KHTML, like Gecko) Chrome/80.0.3987.122 Safari/537.36"
::1 - - [02/Mar/2020:17:25:20 -0800] "GET /phpmyadmin/js/vendor/bootstrap/bootstrap.bundle.min.js?v=5.0.1 HTTP/1.1" 200 78635 "-" "Mozilla/5.0 (Windows NT 10.0; Win64; x64) AppleWebKit/537.36 (KHTML, like Gecko) Chrome/80.0.3987.122 Safari/537.36"
::1 - - [02/Mar/2020:17:25:20 -0800] "GET /phpmyadmin/js/vendor/jquery/jquery-ui.min.js?v=5.0.1 HTTP/1.1" 200 253681 "-" "Mozilla/5.0 (Windows NT 10.0; Win64; x64) AppleWebKit/537.36 (KHTML, like Gecko) Chrome/80.0.3987.122 Safari/537.36"
::1 - - [02/Mar/2020:17:25:20 -0800] "GET /phpmyadmin/js/vendor/js.cookie.js?v=5.0.1 HTTP/1.1" 200 3883 "-" "Mozilla/5.0 (Windows NT 10.0; Win64; x64) AppleWebKit/537.36 (KHTML, like Gecko) Chrome/80.0.3987.122 Safari/537.36"
::1 - - [02/Mar/2020:17:25:20 -0800] "GET /phpmyadmin/js/vendor/jquery/jquery.mousewheel.js?v=5.0.1 HTTP/1.1" 200 8267 "-" "Mozilla/5.0 (Windows NT 10.0; Win64; x64) AppleWebKit/537.36 (KHTML, like Gecko) Chrome/80.0.3987.122 Safari/537.36"
::1 - - [02/Mar/2020:17:25:20 -0800] "GET /phpmyadmin/js/vendor/jquery/jquery.event.drag-2.2.js?v=5.0.1 HTTP/1.1" 200 12826 "-" "Mozilla/5.0 (Windows NT 10.0; Win64; x64) AppleWebKit/537.36 (KHTML, like Gecko) Chrome/80.0.3987.122 Safari/537.36"
::1 - - [02/Mar/2020:17:25:20 -0800] "GET /phpmyadmin/js/vendor/jquery/jquery.validate.js?v=5.0.1 HTTP/1.1" 200 50690 "-" "Mozilla/5.0 (Windows NT 10.0; Win64; x64) AppleWebKit/537.36 (KHTML, like Gecko) Chrome/80.0.3987.122 Safari/537.36"
::1 - - [02/Mar/2020:17:25:20 -0800] "GET /phpmyadmin/js/vendor/jquery/jquery-ui-timepicker-addon.js?v=5.0.1 HTTP/1.1" 200 78475 "-" "Mozilla/5.0 (Windows NT 10.0; Win64; x64) AppleWebKit/537.36 (KHTML, like Gecko) Chrome/80.0.3987.122 Safari/537.36"
::1 - - [02/Mar/2020:17:25:20 -0800] "GET /phpmyadmin/js/vendor/jquery/jquery.ba-hashchange-1.3.js?v=5.0.1 HTTP/1.1" 200 16522 "-" "Mozilla/5.0 (Windows NT 10.0; Win64; x64) AppleWebKit/537.36 (KHTML, like Gecko) Chrome/80.0.3987.122 Safari/537.36"
::1 - - [02/Mar/2020:17:25:20 -0800] "GET /phpmyadmin/js/vendor/jquery/jquery.debounce-1.0.5.js?v=5.0.1 HTTP/1.1" 200 1169 "-" "Mozilla/5.0 (Windows NT 10.0; Win64; x64) AppleWebKit/537.36 (KHTML, like Gecko) Chrome/80.0.3987.122 Safari/537.36"
::1 - - [02/Mar/2020:17:25:20 -0800] "GET /phpmyadmin/js/menu_resizer.js?v=5.0.1 HTTP/1.1" 200 8276 "-" "Mozilla/5.0 (Windows NT 10.0; Win64; x64) AppleWebKit/537.36 (KHTML, like Gecko) Chrome/80.0.3987.122 Safari/537.36"
::1 - - [02/Mar/2020:17:25:20 -0800] "GET /phpmyadmin/js/cross_framing_protection.js?v=5.0.1 HTTP/1.1" 200 465 "-" "Mozilla/5.0 (Windows NT 10.0; Win64; x64) AppleWebKit/537.36 (KHTML, like Gecko) Chrome/80.0.3987.122 Safari/537.36"
::1 - - [02/Mar/2020:17:25:20 -0800] "GET /phpmyadmin/js/rte.js?v=5.0.1 HTTP/1.1" 200 47818 "-" "Mozilla/5.0 (Windows NT 10.0; Win64; x64) AppleWebKit/537.36 (KHTML, like Gecko) Chrome/80.0.3987.122 Safari/537.36"
::1 - - [02/Mar/2020:17:25:20 -0800] "GET /phpmyadmin/js/vendor/tracekit.js?v=5.0.1 HTTP/1.1" 200 45389 "-" "Mozilla/5.0 (Windows NT 10.0; Win64; x64) AppleWebKit/537.36 (KHTML, like Gecko) Chrome/80.0.3987.122 Safari/537.36"
::1 - - [02/Mar/2020:17:25:20 -0800] "GET /phpmyadmin/js/error_report.js?v=5.0.1 HTTP/1.1" 200 10858 "-" "Mozilla/5.0 (Windows NT 10.0; Win64; x64) AppleWebKit/537.36 (KHTML, like Gecko) Chrome/80.0.3987.122 Safari/537.36"
::1 - - [02/Mar/2020:17:25:20 -0800] "GET /phpmyadmin/js/config.js?v=5.0.1 HTTP/1.1" 200 27402 "-" "Mozilla/5.0 (Windows NT 10.0; Win64; x64) AppleWebKit/537.36 (KHTML, like Gecko) Chrome/80.0.3987.122 Safari/537.36"
::1 - - [02/Mar/2020:17:25:20 -0800] "GET /phpmyadmin/js/functions.js?v=5.0.1 HTTP/1.1" 200 177699 "-" "Mozilla/5.0 (Windows NT 10.0; Win64; x64) AppleWebKit/537.36 (KHTML, like Gecko) Chrome/80.0.3987.122 Safari/537.36"
::1 - - [02/Mar/2020:17:25:20 -0800] "GET /phpmyadmin/js/navigation.js?v=5.0.1 HTTP/1.1" 200 62743 "-" "Mozilla/5.0 (Windows NT 10.0; Win64; x64) AppleWebKit/537.36 (KHTML, like Gecko) Chrome/80.0.3987.122 Safari/537.36"
::1 - - [02/Mar/2020:17:25:20 -0800] "GET /phpmyadmin/js/indexes.js?v=5.0.1 HTTP/1.1" 200 29379 "-" "Mozilla/5.0 (Windows NT 10.0; Win64; x64) AppleWebKit/537.36 (KHTML, like Gecko) Chrome/80.0.3987.122 Safari/537.36"
::1 - - [02/Mar/2020:17:25:20 -0800] "GET /phpmyadmin/js/common.js?v=5.0.1 HTTP/1.1" 200 4662 "-" "Mozilla/5.0 (Windows NT 10.0; Win64; x64) AppleWebKit/537.36 (KHTML, like Gecko) Chrome/80.0.3987.122 Safari/537.36"
::1 - - [02/Mar/2020:17:25:20 -0800] "GET /phpmyadmin/js/page_settings.js?v=5.0.1 HTTP/1.1" 200 1746 "-" "Mozilla/5.0 (Windows NT 10.0; Win64; x64) AppleWebKit/537.36 (KHTML, like Gecko) Chrome/80.0.3987.122 Safari/537.36"
::1 - - [02/Mar/2020:17:25:20 -0800] "GET /phpmyadmin/js/drag_drop_import.js?v=5.0.1 HTTP/1.1" 200 14528 "-" "Mozilla/5.0 (Windows NT 10.0; Win64; x64) AppleWebKit/537.36 (KHTML, like Gecko) Chrome/80.0.3987.122 Safari/537.36"
::1 - - [02/Mar/2020:17:25:20 -0800] "GET /phpmyadmin/js/shortcuts_handler.js?v=5.0.1 HTTP/1.1" 200 3379 "-" "Mozilla/5.0 (Windows NT 10.0; Win64; x64) AppleWebKit/537.36 (KHTML, like Gecko) Chrome/80.0.3987.122 Safari/537.36"
::1 - - [02/Mar/2020:17:25:20 -0800] "GET /phpmyadmin/js/vendor/codemirror/lib/codemirror.js?v=5.0.1 HTTP/1.1" 200 395660 "-" "Mozilla/5.0 (Windows NT 10.0; Win64; x64) AppleWebKit/537.36 (KHTML, like Gecko) Chrome/80.0.3987.122 Safari/537.36"
::1 - - [02/Mar/2020:17:25:20 -0800] "GET /phpmyadmin/js/vendor/codemirror/mode/sql/sql.js?v=5.0.1 HTTP/1.1" 200 47451 "-" "Mozilla/5.0 (Windows NT 10.0; Win64; x64) AppleWebKit/537.36 (KHTML, like Gecko) Chrome/80.0.3987.122 Safari/537.36"
::1 - - [02/Mar/2020:17:25:20 -0800] "GET /phpmyadmin/js/vendor/codemirror/addon/runmode/runmode.js?v=5.0.1 HTTP/1.1" 200 2500 "-" "Mozilla/5.0 (Windows NT 10.0; Win64; x64) AppleWebKit/537.36 (KHTML, like Gecko) Chrome/80.0.3987.122 Safari/537.36"
::1 - - [02/Mar/2020:17:25:20 -0800] "GET /phpmyadmin/js/vendor/codemirror/addon/hint/show-hint.js?v=5.0.1 HTTP/1.1" 200 17378 "-" "Mozilla/5.0 (Windows NT 10.0; Win64; x64) AppleWebKit/537.36 (KHTML, like Gecko) Chrome/80.0.3987.122 Safari/537.36"
::1 - - [02/Mar/2020:17:25:20 -0800] "GET /phpmyadmin/js/vendor/codemirror/addon/hint/sql-hint.js?v=5.0.1 HTTP/1.1" 200 9599 "-" "Mozilla/5.0 (Windows NT 10.0; Win64; x64) AppleWebKit/537.36 (KHTML, like Gecko) Chrome/80.0.3987.122 Safari/537.36"
::1 - - [02/Mar/2020:17:25:20 -0800] "GET /phpmyadmin/js/vendor/codemirror/addon/lint/lint.js?v=5.0.1 HTTP/1.1" 200 8610 "-" "Mozilla/5.0 (Windows NT 10.0; Win64; x64) AppleWebKit/537.36 (KHTML, like Gecko) Chrome/80.0.3987.122 Safari/537.36"
::1 - - [02/Mar/2020:17:25:20 -0800] "GET /phpmyadmin/js/doclinks.js?v=5.0.1 HTTP/1.1" 200 18970 "-" "Mozilla/5.0 (Windows NT 10.0; Win64; x64) AppleWebKit/537.36 (KHTML, like Gecko) Chrome/80.0.3987.122 Safari/537.36"
::1 - - [02/Mar/2020:17:25:21 -0800] "GET /phpmyadmin/js/console.js?v=5.0.1 HTTP/1.1" 200 57024 "-" "Mozilla/5.0 (Windows NT 10.0; Win64; x64) AppleWebKit/537.36 (KHTML, like Gecko) Chrome/80.0.3987.122 Safari/537.36"
::1 - - [02/Mar/2020:17:25:21 -0800] "GET /phpmyadmin/js/codemirror/addon/lint/sql-lint.js?v=5.0.1 HTTP/1.1" 200 1156 "-" "Mozilla/5.0 (Windows NT 10.0; Win64; x64) AppleWebKit/537.36 (KHTML, like Gecko) Chrome/80.0.3987.122 Safari/537.36"
::1 - - [02/Mar/2020:17:25:21 -0800] "GET /phpmyadmin/themes/pmahomme/img/logo_left.png HTTP/1.1" 200 2713 "-" "Mozilla/5.0 (Windows NT 10.0; Win64; x64) AppleWebKit/537.36 (KHTML, like Gecko) Chrome/80.0.3987.122 Safari/537.36"
::1 - - [02/Mar/2020:17:25:21 -0800] "GET /phpmyadmin/themes/dot.gif HTTP/1.1" 200 43 "-" "Mozilla/5.0 (Windows NT 10.0; Win64; x64) AppleWebKit/537.36 (KHTML, like Gecko) Chrome/80.0.3987.122 Safari/537.36"
::1 - - [02/Mar/2020:17:25:21 -0800] "GET /phpmyadmin/themes/pmahomme/css/printview.css?v=5.0.1 HTTP/1.1" 200 1455 "-" "Mozilla/5.0 (Windows NT 10.0; Win64; x64) AppleWebKit/537.36 (KHTML, like Gecko) Chrome/80.0.3987.122 Safari/537.36"
::1 - - [02/Mar/2020:17:25:20 -0800] "GET /phpmyadmin/js/whitelist.php?v=5.0.1&lang=en HTTP/1.1" 200 478 "-" "Mozilla/5.0 (Windows NT 10.0; Win64; x64) AppleWebKit/537.36 (KHTML, like Gecko) Chrome/80.0.3987.122 Safari/537.36"
::1 - - [02/Mar/2020:17:25:20 -0800] "GET /phpmyadmin/js/messages.php?l=en&v=5.0.1&lang=en HTTP/1.1" 200 8847 "-" "Mozilla/5.0 (Windows NT 10.0; Win64; x64) AppleWebKit/537.36 (KHTML, like Gecko) Chrome/80.0.3987.122 Safari/537.36"
::1 - - [02/Mar/2020:17:25:21 -0800] "GET /phpmyadmin/themes/pmahomme/img/left_nav_bg.png HTTP/1.1" 200 146 "http://localhost/phpmyadmin/themes/pmahomme/css/theme.css?v=5.0.1&nocache=6175733722ltr&server=1" "Mozilla/5.0 (Windows NT 10.0; Win64; x64) AppleWebKit/537.36 (KHTML, like Gecko) Chrome/80.0.3987.122 Safari/537.36"
::1 - - [02/Mar/2020:17:25:21 -0800] "GET /phpmyadmin/themes/pmahomme/img/b_home.png HTTP/1.1" 200 734 "http://localhost/phpmyadmin/themes/pmahomme/css/theme.css?v=5.0.1&nocache=6175733722ltr&server=1" "Mozilla/5.0 (Windows NT 10.0; Win64; x64) AppleWebKit/537.36 (KHTML, like Gecko) Chrome/80.0.3987.122 Safari/537.36"
::1 - - [02/Mar/2020:17:25:21 -0800] "GET /phpmyadmin/themes/pmahomme/img/s_loggoff.png HTTP/1.1" 200 626 "http://localhost/phpmyadmin/themes/pmahomme/css/theme.css?v=5.0.1&nocache=6175733722ltr&server=1" "Mozilla/5.0 (Windows NT 10.0; Win64; x64) AppleWebKit/537.36 (KHTML, like Gecko) Chrome/80.0.3987.122 Safari/537.36"
::1 - - [02/Mar/2020:17:25:21 -0800] "GET /phpmyadmin/themes/pmahomme/img/b_docs.png HTTP/1.1" 200 705 "http://localhost/phpmyadmin/themes/pmahomme/css/theme.css?v=5.0.1&nocache=6175733722ltr&server=1" "Mozilla/5.0 (Windows NT 10.0; Win64; x64) AppleWebKit/537.36 (KHTML, like Gecko) Chrome/80.0.3987.122 Safari/537.36"
::1 - - [02/Mar/2020:17:25:21 -0800] "GET /phpmyadmin/themes/pmahomme/img/b_sqlhelp.png HTTP/1.1" 200 512 "http://localhost/phpmyadmin/themes/pmahomme/css/theme.css?v=5.0.1&nocache=6175733722ltr&server=1" "Mozilla/5.0 (Windows NT 10.0; Win64; x64) AppleWebKit/537.36 (KHTML, like Gecko) Chrome/80.0.3987.122 Safari/537.36"
::1 - - [02/Mar/2020:17:25:21 -0800] "GET /phpmyadmin/themes/pmahomme/img/s_cog.png HTTP/1.1" 200 442 "http://localhost/phpmyadmin/themes/pmahomme/css/theme.css?v=5.0.1&nocache=6175733722ltr&server=1" "Mozilla/5.0 (Windows NT 10.0; Win64; x64) AppleWebKit/537.36 (KHTML, like Gecko) Chrome/80.0.3987.122 Safari/537.36"
::1 - - [02/Mar/2020:17:25:21 -0800] "GET /phpmyadmin/themes/pmahomme/img/s_reload.png HTTP/1.1" 200 527 "http://localhost/phpmyadmin/themes/pmahomme/css/theme.css?v=5.0.1&nocache=6175733722ltr&server=1" "Mozilla/5.0 (Windows NT 10.0; Win64; x64) AppleWebKit/537.36 (KHTML, like Gecko) Chrome/80.0.3987.122 Safari/537.36"
::1 - - [02/Mar/2020:17:25:21 -0800] "GET /phpmyadmin/themes/pmahomme/img/ajax_clock_small.gif HTTP/1.1" 200 1810 "http://localhost/phpmyadmin/themes/pmahomme/css/theme.css?v=5.0.1&nocache=6175733722ltr&server=1" "Mozilla/5.0 (Windows NT 10.0; Win64; x64) AppleWebKit/537.36 (KHTML, like Gecko) Chrome/80.0.3987.122 Safari/537.36"
::1 - - [02/Mar/2020:17:25:21 -0800] "GET /phpmyadmin/themes/pmahomme/img/s_link.png HTTP/1.1" 200 280 "http://localhost/phpmyadmin/themes/pmahomme/css/theme.css?v=5.0.1&nocache=6175733722ltr&server=1" "Mozilla/5.0 (Windows NT 10.0; Win64; x64) AppleWebKit/537.36 (KHTML, like Gecko) Chrome/80.0.3987.122 Safari/537.36"
::1 - - [02/Mar/2020:17:25:21 -0800] "GET /phpmyadmin/themes/pmahomme/img/b_newdb.png HTTP/1.1" 200 585 "http://localhost/phpmyadmin/themes/pmahomme/css/theme.css?v=5.0.1&nocache=6175733722ltr&server=1" "Mozilla/5.0 (Windows NT 10.0; Win64; x64) AppleWebKit/537.36 (KHTML, like Gecko) Chrome/80.0.3987.122 Safari/537.36"
::1 - - [02/Mar/2020:17:25:21 -0800] "GET /phpmyadmin/themes/pmahomme/img/b_plus.png HTTP/1.1" 200 143 "http://localhost/phpmyadmin/themes/pmahomme/css/theme.css?v=5.0.1&nocache=6175733722ltr&server=1" "Mozilla/5.0 (Windows NT 10.0; Win64; x64) AppleWebKit/537.36 (KHTML, like Gecko) Chrome/80.0.3987.122 Safari/537.36"
::1 - - [02/Mar/2020:17:25:21 -0800] "GET /phpmyadmin/themes/pmahomme/img/s_db.png HTTP/1.1" 200 328 "http://localhost/phpmyadmin/themes/pmahomme/css/theme.css?v=5.0.1&nocache=6175733722ltr&server=1" "Mozilla/5.0 (Windows NT 10.0; Win64; x64) AppleWebKit/537.36 (KHTML, like Gecko) Chrome/80.0.3987.122 Safari/537.36"
::1 - - [02/Mar/2020:17:25:21 -0800] "GET /phpmyadmin/themes/pmahomme/img/s_host.png HTTP/1.1" 200 591 "http://localhost/phpmyadmin/themes/pmahomme/css/theme.css?v=5.0.1&nocache=6175733722ltr&server=1" "Mozilla/5.0 (Windows NT 10.0; Win64; x64) AppleWebKit/537.36 (KHTML, like Gecko) Chrome/80.0.3987.122 Safari/537.36"
::1 - - [02/Mar/2020:17:25:21 -0800] "GET /phpmyadmin/themes/pmahomme/img/b_sql.png HTTP/1.1" 200 680 "http://localhost/phpmyadmin/themes/pmahomme/css/theme.css?v=5.0.1&nocache=6175733722ltr&server=1" "Mozilla/5.0 (Windows NT 10.0; Win64; x64) AppleWebKit/537.36 (KHTML, like Gecko) Chrome/80.0.3987.122 Safari/537.36"
::1 - - [02/Mar/2020:17:25:21 -0800] "GET /phpmyadmin/themes/pmahomme/img/s_status.png HTTP/1.1" 200 600 "http://localhost/phpmyadmin/themes/pmahomme/css/theme.css?v=5.0.1&nocache=6175733722ltr&server=1" "Mozilla/5.0 (Windows NT 10.0; Win64; x64) AppleWebKit/537.36 (KHTML, like Gecko) Chrome/80.0.3987.122 Safari/537.36"
::1 - - [02/Mar/2020:17:25:21 -0800] "GET /phpmyadmin/themes/pmahomme/img/s_rights.png HTTP/1.1" 200 461 "http://localhost/phpmyadmin/themes/pmahomme/css/theme.css?v=5.0.1&nocache=6175733722ltr&server=1" "Mozilla/5.0 (Windows NT 10.0; Win64; x64) AppleWebKit/537.36 (KHTML, like Gecko) Chrome/80.0.3987.122 Safari/537.36"
::1 - - [02/Mar/2020:17:25:21 -0800] "GET /phpmyadmin/themes/pmahomme/img/b_export.png HTTP/1.1" 200 514 "http://localhost/phpmyadmin/themes/pmahomme/css/theme.css?v=5.0.1&nocache=6175733722ltr&server=1" "Mozilla/5.0 (Windows NT 10.0; Win64; x64) AppleWebKit/537.36 (KHTML, like Gecko) Chrome/80.0.3987.122 Safari/537.36"
::1 - - [02/Mar/2020:17:25:21 -0800] "GET /phpmyadmin/themes/pmahomme/img/b_import.png HTTP/1.1" 200 556 "http://localhost/phpmyadmin/themes/pmahomme/css/theme.css?v=5.0.1&nocache=6175733722ltr&server=1" "Mozilla/5.0 (Windows NT 10.0; Win64; x64) AppleWebKit/537.36 (KHTML, like Gecko) Chrome/80.0.3987.122 Safari/537.36"
::1 - - [02/Mar/2020:17:25:21 -0800] "GET /phpmyadmin/themes/pmahomme/img/s_replication.png HTTP/1.1" 200 399 "http://localhost/phpmyadmin/themes/pmahomme/css/theme.css?v=5.0.1&nocache=6175733722ltr&server=1" "Mozilla/5.0 (Windows NT 10.0; Win64; x64) AppleWebKit/537.36 (KHTML, like Gecko) Chrome/80.0.3987.122 Safari/537.36"
::1 - - [02/Mar/2020:17:25:21 -0800] "GET /phpmyadmin/themes/pmahomme/img/s_vars.png HTTP/1.1" 200 523 "http://localhost/phpmyadmin/themes/pmahomme/css/theme.css?v=5.0.1&nocache=6175733722ltr&server=1" "Mozilla/5.0 (Windows NT 10.0; Win64; x64) AppleWebKit/537.36 (KHTML, like Gecko) Chrome/80.0.3987.122 Safari/537.36"
::1 - - [02/Mar/2020:17:25:21 -0800] "GET /phpmyadmin/themes/pmahomme/img/b_tblops.png HTTP/1.1" 200 537 "http://localhost/phpmyadmin/themes/pmahomme/css/theme.css?v=5.0.1&nocache=6175733722ltr&server=1" "Mozilla/5.0 (Windows NT 10.0; Win64; x64) AppleWebKit/537.36 (KHTML, like Gecko) Chrome/80.0.3987.122 Safari/537.36"
::1 - - [02/Mar/2020:17:25:21 -0800] "GET /phpmyadmin/themes/pmahomme/img/s_asci.png HTTP/1.1" 200 148 "http://localhost/phpmyadmin/themes/pmahomme/css/theme.css?v=5.0.1&nocache=6175733722ltr&server=1" "Mozilla/5.0 (Windows NT 10.0; Win64; x64) AppleWebKit/537.36 (KHTML, like Gecko) Chrome/80.0.3987.122 Safari/537.36"
::1 - - [02/Mar/2020:17:25:21 -0800] "GET /phpmyadmin/themes/pmahomme/img/b_plugin.png HTTP/1.1" 200 512 "http://localhost/phpmyadmin/themes/pmahomme/css/theme.css?v=5.0.1&nocache=6175733722ltr&server=1" "Mozilla/5.0 (Windows NT 10.0; Win64; x64) AppleWebKit/537.36 (KHTML, like Gecko) Chrome/80.0.3987.122 Safari/537.36"
::1 - - [02/Mar/2020:17:25:21 -0800] "GET /phpmyadmin/themes/pmahomme/img/b_engine.png HTTP/1.1" 200 398 "http://localhost/phpmyadmin/themes/pmahomme/css/theme.css?v=5.0.1&nocache=6175733722ltr&server=1" "Mozilla/5.0 (Windows NT 10.0; Win64; x64) AppleWebKit/537.36 (KHTML, like Gecko) Chrome/80.0.3987.122 Safari/537.36"
::1 - - [02/Mar/2020:17:25:21 -0800] "GET /phpmyadmin/themes/pmahomme/img/console.png HTTP/1.1" 200 292 "http://localhost/phpmyadmin/themes/pmahomme/css/theme.css?v=5.0.1&nocache=6175733722ltr&server=1" "Mozilla/5.0 (Windows NT 10.0; Win64; x64) AppleWebKit/537.36 (KHTML, like Gecko) Chrome/80.0.3987.122 Safari/537.36"
::1 - - [02/Mar/2020:17:25:21 -0800] "GET /phpmyadmin/themes/pmahomme/img/s_top.png HTTP/1.1" 200 220 "http://localhost/phpmyadmin/themes/pmahomme/css/theme.css?v=5.0.1&nocache=6175733722ltr&server=1" "Mozilla/5.0 (Windows NT 10.0; Win64; x64) AppleWebKit/537.36 (KHTML, like Gecko) Chrome/80.0.3987.122 Safari/537.36"
::1 - - [02/Mar/2020:17:25:21 -0800] "GET /phpmyadmin/themes/pmahomme/img/b_help.png HTTP/1.1" 200 705 "http://localhost/phpmyadmin/themes/pmahomme/css/theme.css?v=5.0.1&nocache=6175733722ltr&server=1" "Mozilla/5.0 (Windows NT 10.0; Win64; x64) AppleWebKit/537.36 (KHTML, like Gecko) Chrome/80.0.3987.122 Safari/537.36"
::1 - - [02/Mar/2020:17:25:21 -0800] "GET /phpmyadmin/themes/pmahomme/img/s_lang.png HTTP/1.1" 200 659 "http://localhost/phpmyadmin/themes/pmahomme/css/theme.css?v=5.0.1&nocache=6175733722ltr&server=1" "Mozilla/5.0 (Windows NT 10.0; Win64; x64) AppleWebKit/537.36 (KHTML, like Gecko) Chrome/80.0.3987.122 Safari/537.36"
::1 - - [02/Mar/2020:17:25:21 -0800] "GET /phpmyadmin/themes/pmahomme/img/s_theme.png HTTP/1.1" 200 772 "http://localhost/phpmyadmin/themes/pmahomme/css/theme.css?v=5.0.1&nocache=6175733722ltr&server=1" "Mozilla/5.0 (Windows NT 10.0; Win64; x64) AppleWebKit/537.36 (KHTML, like Gecko) Chrome/80.0.3987.122 Safari/537.36"
::1 - - [02/Mar/2020:17:25:21 -0800] "GET /phpmyadmin/themes/pmahomme/img/window-new.png HTTP/1.1" 200 468 "http://localhost/phpmyadmin/themes/pmahomme/css/theme.css?v=5.0.1&nocache=6175733722ltr&server=1" "Mozilla/5.0 (Windows NT 10.0; Win64; x64) AppleWebKit/537.36 (KHTML, like Gecko) Chrome/80.0.3987.122 Safari/537.36"
::1 - - [02/Mar/2020:17:25:21 -0800] "POST /phpmyadmin/ajax.php HTTP/1.1" 200 1418 "-" "Mozilla/5.0 (Windows NT 10.0; Win64; x64) AppleWebKit/537.36 (KHTML, like Gecko) Chrome/80.0.3987.122 Safari/537.36"
::1 - - [02/Mar/2020:17:25:21 -0800] "GET /phpmyadmin/themes/pmahomme/img/b_more.png HTTP/1.1" 200 111 "http://localhost/phpmyadmin/themes/pmahomme/css/theme.css?v=5.0.1&nocache=6175733722ltr&server=1" "Mozilla/5.0 (Windows NT 10.0; Win64; x64) AppleWebKit/537.36 (KHTML, like Gecko) Chrome/80.0.3987.122 Safari/537.36"
::1 - - [02/Mar/2020:17:25:21 -0800] "POST /phpmyadmin/navigation.php?ajax_request=1&lang=en HTTP/1.1" 200 2097 "-" "Mozilla/5.0 (Windows NT 10.0; Win64; x64) AppleWebKit/537.36 (KHTML, like Gecko) Chrome/80.0.3987.122 Safari/537.36"
::1 - - [02/Mar/2020:17:25:21 -0800] "POST /phpmyadmin/ajax.php HTTP/1.1" 200 1516 "-" "Mozilla/5.0 (Windows NT 10.0; Win64; x64) AppleWebKit/537.36 (KHTML, like Gecko) Chrome/80.0.3987.122 Safari/537.36"
::1 - - [02/Mar/2020:17:25:22 -0800] "GET /phpmyadmin/favicon.ico HTTP/1.1" 200 22486 "-" "Mozilla/5.0 (Windows NT 10.0; Win64; x64) AppleWebKit/537.36 (KHTML, like Gecko) Chrome/80.0.3987.122 Safari/537.36"
::1 - - [02/Mar/2020:17:25:22 -0800] "POST /phpmyadmin/ajax.php HTTP/1.1" 200 1410 "-" "Mozilla/5.0 (Windows NT 10.0; Win64; x64) AppleWebKit/537.36 (KHTML, like Gecko) Chrome/80.0.3987.122 Safari/537.36"
::1 - - [02/Mar/2020:17:25:22 -0800] "POST /phpmyadmin/version_check.php HTTP/1.1" 200 64 "-" "Mozilla/5.0 (Windows NT 10.0; Win64; x64) AppleWebKit/537.36 (KHTML, like Gecko) Chrome/80.0.3987.122 Safari/537.36"
::1 - - [02/Mar/2020:17:25:22 -0800] "POST /phpmyadmin/db_structure.php?ajax_request=1&favorite_table=1&sync_favorite_tables=1&lang=en HTTP/1.1" 200 134 "-" "Mozilla/5.0 (Windows NT 10.0; Win64; x64) AppleWebKit/537.36 (KHTML, like Gecko) Chrome/80.0.3987.122 Safari/537.36"
::1 - - [02/Mar/2020:17:25:50 -0800] "GET /phpmyadmin/server_privileges.php?viewing_mode=server&lang=en&ajax_request=true&ajax_page_request=true&_nocache=158319875009142325&token=2148702b60473d2b242853412641397e HTTP/1.1" 200 2963 "-" "Mozilla/5.0 (Windows NT 10.0; Win64; x64) AppleWebKit/537.36 (KHTML, like Gecko) Chrome/80.0.3987.122 Safari/537.36"
::1 - - [02/Mar/2020:17:25:50 -0800] "GET /phpmyadmin/themes/pmahomme/img/b_usrlist.png HTTP/1.1" 200 677 "http://localhost/phpmyadmin/themes/pmahomme/css/theme.css?v=5.0.1&nocache=6175733722ltr&server=1" "Mozilla/5.0 (Windows NT 10.0; Win64; x64) AppleWebKit/537.36 (KHTML, like Gecko) Chrome/80.0.3987.122 Safari/537.36"
::1 - - [02/Mar/2020:17:25:50 -0800] "GET /phpmyadmin/themes/pmahomme/img/b_usredit.png HTTP/1.1" 200 757 "http://localhost/phpmyadmin/themes/pmahomme/css/theme.css?v=5.0.1&nocache=6175733722ltr&server=1" "Mozilla/5.0 (Windows NT 10.0; Win64; x64) AppleWebKit/537.36 (KHTML, like Gecko) Chrome/80.0.3987.122 Safari/537.36"
::1 - - [02/Mar/2020:17:25:50 -0800] "GET /phpmyadmin/themes/pmahomme/img/b_tblexport.png HTTP/1.1" 200 514 "http://localhost/phpmyadmin/themes/pmahomme/css/theme.css?v=5.0.1&nocache=6175733722ltr&server=1" "Mozilla/5.0 (Windows NT 10.0; Win64; x64) AppleWebKit/537.36 (KHTML, like Gecko) Chrome/80.0.3987.122 Safari/537.36"
::1 - - [02/Mar/2020:17:25:50 -0800] "GET /phpmyadmin/themes/pmahomme/img/b_usradd.png HTTP/1.1" 200 670 "http://localhost/phpmyadmin/themes/pmahomme/css/theme.css?v=5.0.1&nocache=6175733722ltr&server=1" "Mozilla/5.0 (Windows NT 10.0; Win64; x64) AppleWebKit/537.36 (KHTML, like Gecko) Chrome/80.0.3987.122 Safari/537.36"
::1 - - [02/Mar/2020:17:25:50 -0800] "GET /phpmyadmin/themes/pmahomme/img/b_usrdrop.png HTTP/1.1" 200 697 "http://localhost/phpmyadmin/themes/pmahomme/css/theme.css?v=5.0.1&nocache=6175733722ltr&server=1" "Mozilla/5.0 (Windows NT 10.0; Win64; x64) AppleWebKit/537.36 (KHTML, like Gecko) Chrome/80.0.3987.122 Safari/537.36"
::1 - - [02/Mar/2020:17:25:50 -0800] "GET /phpmyadmin/themes/pmahomme/img/s_notice.png HTTP/1.1" 200 567 "http://localhost/phpmyadmin/themes/pmahomme/css/theme.css?v=5.0.1&nocache=6175733722ltr&server=1" "Mozilla/5.0 (Windows NT 10.0; Win64; x64) AppleWebKit/537.36 (KHTML, like Gecko) Chrome/80.0.3987.122 Safari/537.36"
::1 - - [02/Mar/2020:17:25:50 -0800] "GET /phpmyadmin/js/server/privileges.js?v=5.0.1 HTTP/1.1" 200 19243 "-" "Mozilla/5.0 (Windows NT 10.0; Win64; x64) AppleWebKit/537.36 (KHTML, like Gecko) Chrome/80.0.3987.122 Safari/537.36"
::1 - - [02/Mar/2020:17:25:50 -0800] "GET /phpmyadmin/js/vendor/zxcvbn.js?v=5.0.1 HTTP/1.1" 200 821676 "-" "Mozilla/5.0 (Windows NT 10.0; Win64; x64) AppleWebKit/537.36 (KHTML, like Gecko) Chrome/80.0.3987.122 Safari/537.36"
::1 - - [02/Mar/2020:17:25:50 -0800] "GET /phpmyadmin/themes/pmahomme/img/arrow_ltr.png HTTP/1.1" 200 101 "-" "Mozilla/5.0 (Windows NT 10.0; Win64; x64) AppleWebKit/537.36 (KHTML, like Gecko) Chrome/80.0.3987.122 Safari/537.36"
::1 - - [02/Mar/2020:17:26:29 -0800] "GET /phpmyadmin/server_privileges.php?username=root&hostname=localhost&dbname=&tablename=&routinename=&ajax_request=true&ajax_page_request=true&_nocache=158319878959732147&token=2148702b60473d2b242853412641397e HTTP/1.1" 200 6190 "-" "Mozilla/5.0 (Windows NT 10.0; Win64; x64) AppleWebKit/537.36 (KHTML, like Gecko) Chrome/80.0.3987.122 Safari/537.36"
::1 - - [02/Mar/2020:17:27:06 -0800] "POST /phpmyadmin/server_privileges.php HTTP/1.1" 200 6229 "-" "Mozilla/5.0 (Windows NT 10.0; Win64; x64) AppleWebKit/537.36 (KHTML, like Gecko) Chrome/80.0.3987.122 Safari/537.36"
::1 - - [02/Mar/2020:17:27:07 -0800] "GET /phpmyadmin/themes/pmahomme/img/s_success.png HTTP/1.1" 200 465 "http://localhost/phpmyadmin/themes/pmahomme/css/theme.css?v=5.0.1&nocache=6175733722ltr&server=1" "Mozilla/5.0 (Windows NT 10.0; Win64; x64) AppleWebKit/537.36 (KHTML, like Gecko) Chrome/80.0.3987.122 Safari/537.36"
::1 - - [02/Mar/2020:17:28:34 -0800] "GET /phpmyadmin/server_privileges.php?username=root&hostname=localhost&dbname=&tablename=&routinename= HTTP/1.1" 200 12486 "-" "Mozilla/5.0 (Windows NT 10.0; Win64; x64) AppleWebKit/537.36 (KHTML, like Gecko) Chrome/80.0.3987.122 Safari/537.36"
::1 - - [02/Mar/2020:17:28:34 -0800] "GET /phpmyadmin/themes/pmahomme/css/theme.css?v=5.0.1&nocache=6323295932ltr&server=1 HTTP/1.1" 200 100397 "-" "Mozilla/5.0 (Windows NT 10.0; Win64; x64) AppleWebKit/537.36 (KHTML, like Gecko) Chrome/80.0.3987.122 Safari/537.36"
::1 - - [02/Mar/2020:17:28:34 -0800] "GET /phpmyadmin/js/whitelist.php?v=5.0.1 HTTP/1.1" 200 478 "-" "Mozilla/5.0 (Windows NT 10.0; Win64; x64) AppleWebKit/537.36 (KHTML, like Gecko) Chrome/80.0.3987.122 Safari/537.36"
::1 - - [02/Mar/2020:17:28:34 -0800] "GET /phpmyadmin/js/messages.php?l=en&v=5.0.1 HTTP/1.1" 200 8847 "-" "Mozilla/5.0 (Windows NT 10.0; Win64; x64) AppleWebKit/537.36 (KHTML, like Gecko) Chrome/80.0.3987.122 Safari/537.36"
::1 - - [02/Mar/2020:17:28:35 -0800] "POST /phpmyadmin/ajax.php HTTP/1.1" 200 1418 "-" "Mozilla/5.0 (Windows NT 10.0; Win64; x64) AppleWebKit/537.36 (KHTML, like Gecko) Chrome/80.0.3987.122 Safari/537.36"
::1 - - [02/Mar/2020:17:28:35 -0800] "POST /phpmyadmin/navigation.php?ajax_request=1 HTTP/1.1" 200 2097 "-" "Mozilla/5.0 (Windows NT 10.0; Win64; x64) AppleWebKit/537.36 (KHTML, like Gecko) Chrome/80.0.3987.122 Safari/537.36"
::1 - - [02/Mar/2020:17:28:35 -0800] "POST /phpmyadmin/ajax.php HTTP/1.1" 200 1516 "-" "Mozilla/5.0 (Windows NT 10.0; Win64; x64) AppleWebKit/537.36 (KHTML, like Gecko) Chrome/80.0.3987.122 Safari/537.36"
::1 - - [02/Mar/2020:17:28:35 -0800] "POST /phpmyadmin/ajax.php HTTP/1.1" 200 1410 "-" "Mozilla/5.0 (Windows NT 10.0; Win64; x64) AppleWebKit/537.36 (KHTML, like Gecko) Chrome/80.0.3987.122 Safari/537.36"
::1 - - [02/Mar/2020:17:28:35 -0800] "GET /phpmyadmin/favicon.ico HTTP/1.1" 200 22486 "-" "Mozilla/5.0 (Windows NT 10.0; Win64; x64) AppleWebKit/537.36 (KHTML, like Gecko) Chrome/80.0.3987.122 Safari/537.36"
::1 - - [02/Mar/2020:17:30:43 -0800] "GET /phpinfo.php HTTP/1.1" 404 1054 "-" "Mozilla/5.0 (Windows NT 10.0; Win64; x64) AppleWebKit/537.36 (KHTML, like Gecko) Chrome/80.0.3987.122 Safari/537.36"
::1 - - [02/Mar/2020:17:30:43 -0800] "GET /favicon.ico HTTP/1.1" 200 30894 "http://localhost/phpinfo.php" "Mozilla/5.0 (Windows NT 10.0; Win64; x64) AppleWebKit/537.36 (KHTML, like Gecko) Chrome/80.0.3987.122 Safari/537.36"
::1 - - [02/Mar/2020:17:31:26 -0800] "GET /phpinfo.php HTTP/1.1" 200 95833 "-" "Mozilla/5.0 (Windows NT 10.0; Win64; x64) AppleWebKit/537.36 (KHTML, like Gecko) Chrome/80.0.3987.122 Safari/537.36"
::1 - - [02/Mar/2020:17:31:26 -0800] "GET /favicon.ico HTTP/1.1" 200 30894 "http://localhost/phpinfo.php" "Mozilla/5.0 (Windows NT 10.0; Win64; x64) AppleWebKit/537.36 (KHTML, like Gecko) Chrome/80.0.3987.122 Safari/537.36"
::1 - - [02/Mar/2020:17:32:11 -0800] "GET /phpmyadmin/ HTTP/1.1" 200 14565 "-" "Mozilla/5.0 (Windows NT 10.0; Win64; x64) AppleWebKit/537.36 (KHTML, like Gecko) Chrome/80.0.3987.122 Safari/537.36"
::1 - - [02/Mar/2020:17:32:11 -0800] "GET /phpmyadmin/themes/pmahomme/css/theme.css?v=5.0.1&nocache=6323296125ltr&server=1 HTTP/1.1" 200 100397 "-" "Mozilla/5.0 (Windows NT 10.0; Win64; x64) AppleWebKit/537.36 (KHTML, like Gecko) Chrome/80.0.3987.122 Safari/537.36"
::1 - - [02/Mar/2020:17:32:12 -0800] "POST /phpmyadmin/ajax.php HTTP/1.1" 200 1418 "-" "Mozilla/5.0 (Windows NT 10.0; Win64; x64) AppleWebKit/537.36 (KHTML, like Gecko) Chrome/80.0.3987.122 Safari/537.36"
::1 - - [02/Mar/2020:17:32:12 -0800] "POST /phpmyadmin/navigation.php?ajax_request=1 HTTP/1.1" 200 2097 "-" "Mozilla/5.0 (Windows NT 10.0; Win64; x64) AppleWebKit/537.36 (KHTML, like Gecko) Chrome/80.0.3987.122 Safari/537.36"
::1 - - [02/Mar/2020:17:32:12 -0800] "POST /phpmyadmin/ajax.php HTTP/1.1" 200 1516 "-" "Mozilla/5.0 (Windows NT 10.0; Win64; x64) AppleWebKit/537.36 (KHTML, like Gecko) Chrome/80.0.3987.122 Safari/537.36"
::1 - - [02/Mar/2020:17:32:12 -0800] "POST /phpmyadmin/ajax.php HTTP/1.1" 200 1410 "-" "Mozilla/5.0 (Windows NT 10.0; Win64; x64) AppleWebKit/537.36 (KHTML, like Gecko) Chrome/80.0.3987.122 Safari/537.36"
::1 - - [02/Mar/2020:17:32:12 -0800] "POST /phpmyadmin/version_check.php HTTP/1.1" 200 64 "-" "Mozilla/5.0 (Windows NT 10.0; Win64; x64) AppleWebKit/537.36 (KHTML, like Gecko) Chrome/80.0.3987.122 Safari/537.36"
::1 - - [02/Mar/2020:17:32:12 -0800] "POST /phpmyadmin/db_structure.php?ajax_request=1&favorite_table=1&sync_favorite_tables=1 HTTP/1.1" 200 134 "-" "Mozilla/5.0 (Windows NT 10.0; Win64; x64) AppleWebKit/537.36 (KHTML, like Gecko) Chrome/80.0.3987.122 Safari/537.36"
::1 - - [02/Mar/2020:17:32:26 -0800] "GET /phpmyadmin/server_databases.php?ajax_request=true&ajax_page_request=true&_nocache=1583199146597775562&token=2148702b60473d2b242853412641397e HTTP/1.1" 200 7277 "-" "Mozilla/5.0 (Windows NT 10.0; Win64; x64) AppleWebKit/537.36 (KHTML, like Gecko) Chrome/80.0.3987.122 Safari/537.36"
::1 - - [02/Mar/2020:17:32:26 -0800] "GET /phpmyadmin/themes/pmahomme/img/s_asc.png HTTP/1.1" 200 146 "http://localhost/phpmyadmin/themes/pmahomme/css/theme.css?v=5.0.1&nocache=6323296125ltr&server=1" "Mozilla/5.0 (Windows NT 10.0; Win64; x64) AppleWebKit/537.36 (KHTML, like Gecko) Chrome/80.0.3987.122 Safari/537.36"
::1 - - [02/Mar/2020:17:32:26 -0800] "GET /phpmyadmin/themes/pmahomme/img/b_deltbl.png HTTP/1.1" 200 577 "http://localhost/phpmyadmin/themes/pmahomme/css/theme.css?v=5.0.1&nocache=6323296125ltr&server=1" "Mozilla/5.0 (Windows NT 10.0; Win64; x64) AppleWebKit/537.36 (KHTML, like Gecko) Chrome/80.0.3987.122 Safari/537.36"
::1 - - [02/Mar/2020:17:32:26 -0800] "GET /phpmyadmin/js/server/databases.js?v=5.0.1 HTTP/1.1" 200 5722 "-" "Mozilla/5.0 (Windows NT 10.0; Win64; x64) AppleWebKit/537.36 (KHTML, like Gecko) Chrome/80.0.3987.122 Safari/537.36"
::1 - - [02/Mar/2020:17:33:00 -0800] "POST /phpmyadmin/server_databases.php HTTP/1.1" 200 1802 "-" "Mozilla/5.0 (Windows NT 10.0; Win64; x64) AppleWebKit/537.36 (KHTML, like Gecko) Chrome/80.0.3987.122 Safari/537.36"
::1 - - [02/Mar/2020:17:33:00 -0800] "POST /phpmyadmin/navigation.php?ajax_request=1 HTTP/1.1" 200 2125 "-" "Mozilla/5.0 (Windows NT 10.0; Win64; x64) AppleWebKit/537.36 (KHTML, like Gecko) Chrome/80.0.3987.122 Safari/537.36"
::1 - - [02/Mar/2020:17:33:00 -0800] "GET /phpmyadmin/db_structure.php?db=zagi&ajax_request=true&ajax_page_request=true&_nocache=1583199180325409659&token=2148702b60473d2b242853412641397e HTTP/1.1" 200 2813 "-" "Mozilla/5.0 (Windows NT 10.0; Win64; x64) AppleWebKit/537.36 (KHTML, like Gecko) Chrome/80.0.3987.122 Safari/537.36"
::1 - - [02/Mar/2020:17:33:00 -0800] "GET /phpmyadmin/themes/pmahomme/img/b_props.png HTTP/1.1" 200 573 "http://localhost/phpmyadmin/themes/pmahomme/css/theme.css?v=5.0.1&nocache=6323296125ltr&server=1" "Mozilla/5.0 (Windows NT 10.0; Win64; x64) AppleWebKit/537.36 (KHTML, like Gecko) Chrome/80.0.3987.122 Safari/537.36"
::1 - - [02/Mar/2020:17:33:00 -0800] "GET /phpmyadmin/themes/pmahomme/img/b_search.png HTTP/1.1" 200 538 "http://localhost/phpmyadmin/themes/pmahomme/css/theme.css?v=5.0.1&nocache=6323296125ltr&server=1" "Mozilla/5.0 (Windows NT 10.0; Win64; x64) AppleWebKit/537.36 (KHTML, like Gecko) Chrome/80.0.3987.122 Safari/537.36"
::1 - - [02/Mar/2020:17:33:00 -0800] "GET /phpmyadmin/themes/pmahomme/img/b_routines.png HTTP/1.1" 200 306 "http://localhost/phpmyadmin/themes/pmahomme/css/theme.css?v=5.0.1&nocache=6323296125ltr&server=1" "Mozilla/5.0 (Windows NT 10.0; Win64; x64) AppleWebKit/537.36 (KHTML, like Gecko) Chrome/80.0.3987.122 Safari/537.36"
::1 - - [02/Mar/2020:17:33:00 -0800] "GET /phpmyadmin/themes/pmahomme/img/b_events.png HTTP/1.1" 200 703 "http://localhost/phpmyadmin/themes/pmahomme/css/theme.css?v=5.0.1&nocache=6323296125ltr&server=1" "Mozilla/5.0 (Windows NT 10.0; Win64; x64) AppleWebKit/537.36 (KHTML, like Gecko) Chrome/80.0.3987.122 Safari/537.36"
::1 - - [02/Mar/2020:17:33:00 -0800] "GET /phpmyadmin/themes/pmahomme/img/b_triggers.png HTTP/1.1" 200 446 "http://localhost/phpmyadmin/themes/pmahomme/css/theme.css?v=5.0.1&nocache=6323296125ltr&server=1" "Mozilla/5.0 (Windows NT 10.0; Win64; x64) AppleWebKit/537.36 (KHTML, like Gecko) Chrome/80.0.3987.122 Safari/537.36"
::1 - - [02/Mar/2020:17:33:00 -0800] "GET /phpmyadmin/themes/pmahomme/img/eye.png HTTP/1.1" 200 663 "http://localhost/phpmyadmin/themes/pmahomme/css/theme.css?v=5.0.1&nocache=6323296125ltr&server=1" "Mozilla/5.0 (Windows NT 10.0; Win64; x64) AppleWebKit/537.36 (KHTML, like Gecko) Chrome/80.0.3987.122 Safari/537.36"
::1 - - [02/Mar/2020:17:33:00 -0800] "GET /phpmyadmin/themes/pmahomme/img/b_relations.png HTTP/1.1" 200 140 "http://localhost/phpmyadmin/themes/pmahomme/css/theme.css?v=5.0.1&nocache=6323296125ltr&server=1" "Mozilla/5.0 (Windows NT 10.0; Win64; x64) AppleWebKit/537.36 (KHTML, like Gecko) Chrome/80.0.3987.122 Safari/537.36"
::1 - - [02/Mar/2020:17:33:00 -0800] "GET /phpmyadmin/themes/pmahomme/img/centralColumns.png HTTP/1.1" 200 586 "http://localhost/phpmyadmin/themes/pmahomme/css/theme.css?v=5.0.1&nocache=6323296125ltr&server=1" "Mozilla/5.0 (Windows NT 10.0; Win64; x64) AppleWebKit/537.36 (KHTML, like Gecko) Chrome/80.0.3987.122 Safari/537.36"
::1 - - [02/Mar/2020:17:33:00 -0800] "GET /phpmyadmin/themes/pmahomme/img/b_table_add.png HTTP/1.1" 200 571 "http://localhost/phpmyadmin/themes/pmahomme/css/theme.css?v=5.0.1&nocache=6323296125ltr&server=1" "Mozilla/5.0 (Windows NT 10.0; Win64; x64) AppleWebKit/537.36 (KHTML, like Gecko) Chrome/80.0.3987.122 Safari/537.36"
::1 - - [02/Mar/2020:17:33:00 -0800] "GET /phpmyadmin/js/database/structure.js?v=5.0.1 HTTP/1.1" 200 15943 "-" "Mozilla/5.0 (Windows NT 10.0; Win64; x64) AppleWebKit/537.36 (KHTML, like Gecko) Chrome/80.0.3987.122 Safari/537.36"
::1 - - [02/Mar/2020:17:33:00 -0800] "GET /phpmyadmin/js/table/change.js?v=5.0.1 HTTP/1.1" 200 28579 "-" "Mozilla/5.0 (Windows NT 10.0; Win64; x64) AppleWebKit/537.36 (KHTML, like Gecko) Chrome/80.0.3987.122 Safari/537.36"
::1 - - [02/Mar/2020:17:33:00 -0800] "GET /phpmyadmin/navigation.php?ajax_request=1&aPath=cm9vdA%3D%3D.emFnaQ%3D%3D&vPath=cm9vdA%3D%3D.emFnaQ%3D%3D&pos=0&pos2_name=&pos2_value=&searchClause=&searchClause2=&_nocache=1583199180750718349&token=2148702b60473d2b242853412641397e HTTP/1.1" 200 1441 "-" "Mozilla/5.0 (Windows NT 10.0; Win64; x64) AppleWebKit/537.36 (KHTML, like Gecko) Chrome/80.0.3987.122 Safari/537.36"
::1 - - [02/Mar/2020:17:33:00 -0800] "GET /phpmyadmin/themes/pmahomme/img/b_minus.png HTTP/1.1" 200 123 "http://localhost/phpmyadmin/themes/pmahomme/css/theme.css?v=5.0.1&nocache=6323296125ltr&server=1" "Mozilla/5.0 (Windows NT 10.0; Win64; x64) AppleWebKit/537.36 (KHTML, like Gecko) Chrome/80.0.3987.122 Safari/537.36"
::1 - - [02/Mar/2020:17:33:46 -0800] "GET /phpmyadmin/index.php?db=&table=&server=1&target=&ajax_request=true&ajax_page_request=true&_nocache=1583199226263378529&token=2148702b60473d2b242853412641397e HTTP/1.1" 200 8125 "-" "Mozilla/5.0 (Windows NT 10.0; Win64; x64) AppleWebKit/537.36 (KHTML, like Gecko) Chrome/80.0.3987.122 Safari/537.36"
::1 - - [02/Mar/2020:17:33:46 -0800] "POST /phpmyadmin/version_check.php HTTP/1.1" 200 64 "-" "Mozilla/5.0 (Windows NT 10.0; Win64; x64) AppleWebKit/537.36 (KHTML, like Gecko) Chrome/80.0.3987.122 Safari/537.36"
::1 - - [02/Mar/2020:17:33:46 -0800] "POST /phpmyadmin/db_structure.php?ajax_request=1&favorite_table=1&sync_favorite_tables=1 HTTP/1.1" 200 134 "-" "Mozilla/5.0 (Windows NT 10.0; Win64; x64) AppleWebKit/537.36 (KHTML, like Gecko) Chrome/80.0.3987.122 Safari/537.36"
::1 - - [02/Mar/2020:17:33:50 -0800] "GET /phpmyadmin/server_databases.php?ajax_request=true&ajax_page_request=true&_nocache=1583199230338980409&token=2148702b60473d2b242853412641397e HTTP/1.1" 200 7339 "-" "Mozilla/5.0 (Windows NT 10.0; Win64; x64) AppleWebKit/537.36 (KHTML, like Gecko) Chrome/80.0.3987.122 Safari/537.36"
::1 - - [02/Mar/2020:17:34:37 -0800] "GET /phpmyadmin/db_structure.php?db=zagi&ajax_request=true&ajax_page_request=true&_nocache=1583199277493418070&token=2148702b60473d2b242853412641397e HTTP/1.1" 200 2813 "-" "Mozilla/5.0 (Windows NT 10.0; Win64; x64) AppleWebKit/537.36 (KHTML, like Gecko) Chrome/80.0.3987.122 Safari/537.36"
::1 - - [02/Mar/2020:17:36:58 -0800] "GET /phpmyadmin/db_sql.php?db=zagi&ajax_request=true&ajax_page_request=true&_nocache=1583199418328247734&token=2148702b60473d2b242853412641397e HTTP/1.1" 200 4427 "-" "Mozilla/5.0 (Windows NT 10.0; Win64; x64) AppleWebKit/537.36 (KHTML, like Gecko) Chrome/80.0.3987.122 Safari/537.36"
::1 - - [02/Mar/2020:17:36:58 -0800] "GET /phpmyadmin/js/makegrid.js?v=5.0.1 HTTP/1.1" 200 98272 "-" "Mozilla/5.0 (Windows NT 10.0; Win64; x64) AppleWebKit/537.36 (KHTML, like Gecko) Chrome/80.0.3987.122 Safari/537.36"
::1 - - [02/Mar/2020:17:36:58 -0800] "GET /phpmyadmin/js/vendor/jquery/jquery.uitablefilter.js?v=5.0.1 HTTP/1.1" 200 3479 "-" "Mozilla/5.0 (Windows NT 10.0; Win64; x64) AppleWebKit/537.36 (KHTML, like Gecko) Chrome/80.0.3987.122 Safari/537.36"
::1 - - [02/Mar/2020:17:36:58 -0800] "GET /phpmyadmin/js/sql.js?v=5.0.1 HTTP/1.1" 200 42174 "-" "Mozilla/5.0 (Windows NT 10.0; Win64; x64) AppleWebKit/537.36 (KHTML, like Gecko) Chrome/80.0.3987.122 Safari/537.36"
::1 - - [02/Mar/2020:17:37:01 -0800] "GET /phpmyadmin/themes/pmahomme/img/s_lock.png HTTP/1.1" 200 667 "http://localhost/phpmyadmin/themes/pmahomme/css/theme.css?v=5.0.1&nocache=6323296125ltr&server=1" "Mozilla/5.0 (Windows NT 10.0; Win64; x64) AppleWebKit/537.36 (KHTML, like Gecko) Chrome/80.0.3987.122 Safari/537.36"
::1 - - [02/Mar/2020:17:37:01 -0800] "POST /phpmyadmin/db_sql_autocomplete.php HTTP/1.1" 200 1544 "-" "Mozilla/5.0 (Windows NT 10.0; Win64; x64) AppleWebKit/537.36 (KHTML, like Gecko) Chrome/80.0.3987.122 Safari/537.36"
::1 - - [02/Mar/2020:17:37:01 -0800] "POST /phpmyadmin/lint.php HTTP/1.1" 200 28 "-" "Mozilla/5.0 (Windows NT 10.0; Win64; x64) AppleWebKit/537.36 (KHTML, like Gecko) Chrome/80.0.3987.122 Safari/537.36"
::1 - - [02/Mar/2020:17:37:13 -0800] "POST /phpmyadmin/import.php HTTP/1.1" 200 2782 "-" "Mozilla/5.0 (Windows NT 10.0; Win64; x64) AppleWebKit/537.36 (KHTML, like Gecko) Chrome/80.0.3987.122 Safari/537.36"
::1 - - [02/Mar/2020:17:37:14 -0800] "POST /phpmyadmin/navigation.php?ajax_request=1 HTTP/1.1" 200 2755 "-" "Mozilla/5.0 (Windows NT 10.0; Win64; x64) AppleWebKit/537.36 (KHTML, like Gecko) Chrome/80.0.3987.122 Safari/537.36"
::1 - - [02/Mar/2020:17:38:37 -0800] "GET /phpmyadmin/db_sql.php?db=zagi&ajax_request=true&ajax_page_request=true&_nocache=1583199517342519903&token=2148702b60473d2b242853412641397e HTTP/1.1" 200 4429 "-" "Mozilla/5.0 (Windows NT 10.0; Win64; x64) AppleWebKit/537.36 (KHTML, like Gecko) Chrome/80.0.3987.122 Safari/537.36"
::1 - - [02/Mar/2020:17:38:38 -0800] "POST /phpmyadmin/db_sql_autocomplete.php HTTP/1.1" 200 1919 "-" "Mozilla/5.0 (Windows NT 10.0; Win64; x64) AppleWebKit/537.36 (KHTML, like Gecko) Chrome/80.0.3987.122 Safari/537.36"
::1 - - [02/Mar/2020:17:38:39 -0800] "POST /phpmyadmin/lint.php HTTP/1.1" 200 28 "-" "Mozilla/5.0 (Windows NT 10.0; Win64; x64) AppleWebKit/537.36 (KHTML, like Gecko) Chrome/80.0.3987.122 Safari/537.36"
::1 - - [02/Mar/2020:17:38:40 -0800] "POST /phpmyadmin/import.php HTTP/1.1" 200 1568 "-" "Mozilla/5.0 (Windows NT 10.0; Win64; x64) AppleWebKit/537.36 (KHTML, like Gecko) Chrome/80.0.3987.122 Safari/537.36"
::1 - - [02/Mar/2020:17:38:43 -0800] "GET /phpmyadmin/themes/pmahomme/img/hide.png HTTP/1.1" 200 284 "http://localhost/phpmyadmin/themes/pmahomme/css/theme.css?v=5.0.1&nocache=6323296125ltr&server=1" "Mozilla/5.0 (Windows NT 10.0; Win64; x64) AppleWebKit/537.36 (KHTML, like Gecko) Chrome/80.0.3987.122 Safari/537.36"
::1 - - [02/Mar/2020:17:38:45 -0800] "GET /phpmyadmin/sql.php?server=1&db=zagi&table=category&pos=0&ajax_request=true&ajax_page_request=true&_nocache=1583199525020197122&token=2148702b60473d2b242853412641397e HTTP/1.1" 200 7513 "-" "Mozilla/5.0 (Windows NT 10.0; Win64; x64) AppleWebKit/537.36 (KHTML, like Gecko) Chrome/80.0.3987.122 Safari/537.36"
::1 - - [02/Mar/2020:17:38:45 -0800] "GET /phpmyadmin/themes/pmahomme/img/s_tbl.png HTTP/1.1" 200 645 "http://localhost/phpmyadmin/themes/pmahomme/css/theme.css?v=5.0.1&nocache=6323296125ltr&server=1" "Mozilla/5.0 (Windows NT 10.0; Win64; x64) AppleWebKit/537.36 (KHTML, like Gecko) Chrome/80.0.3987.122 Safari/537.36"
::1 - - [02/Mar/2020:17:38:45 -0800] "GET /phpmyadmin/themes/pmahomme/img/b_browse.png HTTP/1.1" 200 486 "http://localhost/phpmyadmin/themes/pmahomme/css/theme.css?v=5.0.1&nocache=6323296125ltr&server=1" "Mozilla/5.0 (Windows NT 10.0; Win64; x64) AppleWebKit/537.36 (KHTML, like Gecko) Chrome/80.0.3987.122 Safari/537.36"
::1 - - [02/Mar/2020:17:38:45 -0800] "GET /phpmyadmin/themes/pmahomme/img/b_tblimport.png HTTP/1.1" 200 556 "http://localhost/phpmyadmin/themes/pmahomme/css/theme.css?v=5.0.1&nocache=6323296125ltr&server=1" "Mozilla/5.0 (Windows NT 10.0; Win64; x64) AppleWebKit/537.36 (KHTML, like Gecko) Chrome/80.0.3987.122 Safari/537.36"
::1 - - [02/Mar/2020:17:38:45 -0800] "GET /phpmyadmin/themes/pmahomme/img/b_insrow.png HTTP/1.1" 200 157 "http://localhost/phpmyadmin/themes/pmahomme/css/theme.css?v=5.0.1&nocache=6323296125ltr&server=1" "Mozilla/5.0 (Windows NT 10.0; Win64; x64) AppleWebKit/537.36 (KHTML, like Gecko) Chrome/80.0.3987.122 Safari/537.36"
::1 - - [02/Mar/2020:17:38:45 -0800] "GET /phpmyadmin/themes/pmahomme/img/b_edit.png HTTP/1.1" 200 377 "http://localhost/phpmyadmin/themes/pmahomme/css/theme.css?v=5.0.1&nocache=6323296125ltr&server=1" "Mozilla/5.0 (Windows NT 10.0; Win64; x64) AppleWebKit/537.36 (KHTML, like Gecko) Chrome/80.0.3987.122 Safari/537.36"
::1 - - [02/Mar/2020:17:38:45 -0800] "GET /phpmyadmin/themes/pmahomme/img/b_drop.png HTTP/1.1" 200 637 "http://localhost/phpmyadmin/themes/pmahomme/css/theme.css?v=5.0.1&nocache=6323296125ltr&server=1" "Mozilla/5.0 (Windows NT 10.0; Win64; x64) AppleWebKit/537.36 (KHTML, like Gecko) Chrome/80.0.3987.122 Safari/537.36"
::1 - - [02/Mar/2020:17:38:45 -0800] "GET /phpmyadmin/themes/pmahomme/img/b_print.png HTTP/1.1" 200 639 "http://localhost/phpmyadmin/themes/pmahomme/css/theme.css?v=5.0.1&nocache=6323296125ltr&server=1" "Mozilla/5.0 (Windows NT 10.0; Win64; x64) AppleWebKit/537.36 (KHTML, like Gecko) Chrome/80.0.3987.122 Safari/537.36"
::1 - - [02/Mar/2020:17:38:45 -0800] "GET /phpmyadmin/themes/pmahomme/img/b_chart.png HTTP/1.1" 200 449 "http://localhost/phpmyadmin/themes/pmahomme/css/theme.css?v=5.0.1&nocache=6323296125ltr&server=1" "Mozilla/5.0 (Windows NT 10.0; Win64; x64) AppleWebKit/537.36 (KHTML, like Gecko) Chrome/80.0.3987.122 Safari/537.36"
::1 - - [02/Mar/2020:17:38:45 -0800] "GET /phpmyadmin/themes/pmahomme/img/b_view_add.png HTTP/1.1" 200 678 "http://localhost/phpmyadmin/themes/pmahomme/css/theme.css?v=5.0.1&nocache=6323296125ltr&server=1" "Mozilla/5.0 (Windows NT 10.0; Win64; x64) AppleWebKit/537.36 (KHTML, like Gecko) Chrome/80.0.3987.122 Safari/537.36"
::1 - - [02/Mar/2020:17:38:45 -0800] "GET /phpmyadmin/themes/pmahomme/img/b_bookmark.png HTTP/1.1" 200 637 "http://localhost/phpmyadmin/themes/pmahomme/css/theme.css?v=5.0.1&nocache=6323296125ltr&server=1" "Mozilla/5.0 (Windows NT 10.0; Win64; x64) AppleWebKit/537.36 (KHTML, like Gecko) Chrome/80.0.3987.122 Safari/537.36"
::1 - - [02/Mar/2020:17:38:45 -0800] "GET /phpmyadmin/js/gis_data_editor.js?v=5.0.1 HTTP/1.1" 200 15021 "-" "Mozilla/5.0 (Windows NT 10.0; Win64; x64) AppleWebKit/537.36 (KHTML, like Gecko) Chrome/80.0.3987.122 Safari/537.36"
::1 - - [02/Mar/2020:17:38:45 -0800] "GET /phpmyadmin/js/multi_column_sort.js?v=5.0.1 HTTP/1.1" 200 3331 "-" "Mozilla/5.0 (Windows NT 10.0; Win64; x64) AppleWebKit/537.36 (KHTML, like Gecko) Chrome/80.0.3987.122 Safari/537.36"
::1 - - [02/Mar/2020:17:38:45 -0800] "GET /phpmyadmin/themes/pmahomme/img/col_pointer.png HTTP/1.1" 200 102 "http://localhost/phpmyadmin/themes/pmahomme/css/theme.css?v=5.0.1&nocache=6323296125ltr&server=1" "Mozilla/5.0 (Windows NT 10.0; Win64; x64) AppleWebKit/537.36 (KHTML, like Gecko) Chrome/80.0.3987.122 Safari/537.36"
::1 - - [02/Mar/2020:17:38:45 -0800] "GET /phpmyadmin/themes/pmahomme/img/col_drop.png HTTP/1.1" 200 111 "http://localhost/phpmyadmin/themes/pmahomme/css/theme.css?v=5.0.1&nocache=6323296125ltr&server=1" "Mozilla/5.0 (Windows NT 10.0; Win64; x64) AppleWebKit/537.36 (KHTML, like Gecko) Chrome/80.0.3987.122 Safari/537.36"
::1 - - [02/Mar/2020:17:38:45 -0800] "GET /phpmyadmin/themes/pmahomme/img/s_fulltext.png HTTP/1.1" 200 176 "-" "Mozilla/5.0 (Windows NT 10.0; Win64; x64) AppleWebKit/537.36 (KHTML, like Gecko) Chrome/80.0.3987.122 Safari/537.36"
::1 - - [02/Mar/2020:17:38:45 -0800] "GET /phpmyadmin/index.php?ajax_request=1&recent_table=1&no_debug=true&_nocache=1583199525733566730&token=2148702b60473d2b242853412641397e HTTP/1.1" 200 1468 "-" "Mozilla/5.0 (Windows NT 10.0; Win64; x64) AppleWebKit/537.36 (KHTML, like Gecko) Chrome/80.0.3987.122 Safari/537.36"
::1 - - [02/Mar/2020:17:38:49 -0800] "GET /phpmyadmin/sql.php?server=1&db=zagi&table=region&pos=0&ajax_request=true&ajax_page_request=true&_nocache=1583199529247776471&token=2148702b60473d2b242853412641397e HTTP/1.1" 200 7432 "-" "Mozilla/5.0 (Windows NT 10.0; Win64; x64) AppleWebKit/537.36 (KHTML, like Gecko) Chrome/80.0.3987.122 Safari/537.36"
::1 - - [02/Mar/2020:17:38:49 -0800] "GET /phpmyadmin/index.php?ajax_request=1&recent_table=1&no_debug=true&_nocache=1583199529641394978&token=2148702b60473d2b242853412641397e HTTP/1.1" 200 1479 "-" "Mozilla/5.0 (Windows NT 10.0; Win64; x64) AppleWebKit/537.36 (KHTML, like Gecko) Chrome/80.0.3987.122 Safari/537.36"
::1 - - [02/Mar/2020:17:38:53 -0800] "GET /phpmyadmin/sql.php?server=1&db=zagi&table=salestransaction&pos=0&ajax_request=true&ajax_page_request=true&_nocache=1583199533319856656&token=2148702b60473d2b242853412641397e HTTP/1.1" 200 11363 "-" "Mozilla/5.0 (Windows NT 10.0; Win64; x64) AppleWebKit/537.36 (KHTML, like Gecko) Chrome/80.0.3987.122 Safari/537.36"
::1 - - [02/Mar/2020:17:38:53 -0800] "GET /phpmyadmin/index.php?ajax_request=1&recent_table=1&no_debug=true&_nocache=1583199533796391188&token=2148702b60473d2b242853412641397e HTTP/1.1" 200 1492 "-" "Mozilla/5.0 (Windows NT 10.0; Win64; x64) AppleWebKit/537.36 (KHTML, like Gecko) Chrome/80.0.3987.122 Safari/537.36"
::1 - - [02/Mar/2020:17:38:56 -0800] "GET /phpmyadmin/sql.php?server=1&db=zagi&table=customer&pos=0&ajax_request=true&ajax_page_request=true&_nocache=1583199536524354935&token=2148702b60473d2b242853412641397e HTTP/1.1" 200 8709 "-" "Mozilla/5.0 (Windows NT 10.0; Win64; x64) AppleWebKit/537.36 (KHTML, like Gecko) Chrome/80.0.3987.122 Safari/537.36"
::1 - - [02/Mar/2020:17:38:56 -0800] "GET /phpmyadmin/index.php?ajax_request=1&recent_table=1&no_debug=true&_nocache=1583199536916798086&token=2148702b60473d2b242853412641397e HTTP/1.1" 200 1503 "-" "Mozilla/5.0 (Windows NT 10.0; Win64; x64) AppleWebKit/537.36 (KHTML, like Gecko) Chrome/80.0.3987.122 Safari/537.36"
::1 - - [02/Mar/2020:17:42:32 -0800] "GET /check-connection.php HTTP/1.1" 200 94 "-" "Mozilla/5.0 (Windows NT 10.0; Win64; x64) AppleWebKit/537.36 (KHTML, like Gecko) Chrome/80.0.3987.122 Safari/537.36"
::1 - - [02/Mar/2020:17:42:44 -0800] "GET /check-connection.php HTTP/1.1" 200 94 "-" "Mozilla/5.0 (Windows NT 10.0; Win64; x64) AppleWebKit/537.36 (KHTML, like Gecko) Chrome/80.0.3987.122 Safari/537.36"
::1 - - [02/Mar/2020:17:42:44 -0800] "GET /favicon.ico HTTP/1.1" 200 30894 "http://localhost/check-connection.php" "Mozilla/5.0 (Windows NT 10.0; Win64; x64) AppleWebKit/537.36 (KHTML, like Gecko) Chrome/80.0.3987.122 Safari/537.36"
::1 - - [02/Mar/2020:17:42:46 -0800] "GET /check-connection.php HTTP/1.1" 200 94 "-" "Mozilla/5.0 (Windows NT 10.0; Win64; x64) AppleWebKit/537.36 (KHTML, like Gecko) Chrome/80.0.3987.122 Safari/537.36"
::1 - - [02/Mar/2020:17:42:46 -0800] "GET /favicon.ico HTTP/1.1" 200 30894 "http://localhost/check-connection.php" "Mozilla/5.0 (Windows NT 10.0; Win64; x64) AppleWebKit/537.36 (KHTML, like Gecko) Chrome/80.0.3987.122 Safari/537.36"
::1 - - [02/Mar/2020:17:43:11 -0800] "GET /check-connection.php HTTP/1.1" 200 94 "-" "Mozilla/5.0 (Windows NT 10.0; Win64; x64) AppleWebKit/537.36 (KHTML, like Gecko) Chrome/80.0.3987.122 Safari/537.36"
::1 - - [02/Mar/2020:17:47:34 -0800] "GET /check-connection.php HTTP/1.1" 200 577 "-" "Mozilla/5.0 (Windows NT 10.0; Win64; x64) AppleWebKit/537.36 (KHTML, like Gecko) Chrome/80.0.3987.122 Safari/537.36"
::1 - - [02/Mar/2020:17:48:44 -0800] "GET /check-connection.php HTTP/1.1" 200 577 "-" "Mozilla/5.0 (Windows NT 10.0; Win64; x64) AppleWebKit/537.36 (KHTML, like Gecko) Chrome/80.0.3987.122 Safari/537.36"
::1 - - [02/Mar/2020:17:48:44 -0800] "GET /favicon.ico HTTP/1.1" 200 30894 "http://localhost/check-connection.php" "Mozilla/5.0 (Windows NT 10.0; Win64; x64) AppleWebKit/537.36 (KHTML, like Gecko) Chrome/80.0.3987.122 Safari/537.36"
::1 - - [02/Mar/2020:17:48:48 -0800] "GET /check-connection.php HTTP/1.1" 200 577 "-" "Mozilla/5.0 (Windows NT 10.0; Win64; x64) AppleWebKit/537.36 (KHTML, like Gecko) Chrome/80.0.3987.122 Safari/537.36"
::1 - - [02/Mar/2020:17:50:07 -0800] "GET /check-connection.php HTTP/1.1" 200 584 "-" "Mozilla/5.0 (Windows NT 10.0; Win64; x64) AppleWebKit/537.36 (KHTML, like Gecko) Chrome/80.0.3987.122 Safari/537.36"
::1 - - [02/Mar/2020:17:51:02 -0800] "GET /check-connection.php HTTP/1.1" 200 22 "-" "Mozilla/5.0 (Windows NT 10.0; Win64; x64) AppleWebKit/537.36 (KHTML, like Gecko) Chrome/80.0.3987.122 Safari/537.36"
::1 - - [02/Mar/2020:17:51:02 -0800] "GET /favicon.ico HTTP/1.1" 200 30894 "http://localhost/check-connection.php" "Mozilla/5.0 (Windows NT 10.0; Win64; x64) AppleWebKit/537.36 (KHTML, like Gecko) Chrome/80.0.3987.122 Safari/537.36"
::1 - - [02/Mar/2020:17:52:30 -0800] "POST /phpmyadmin/index.php HTTP/1.1" 200 1411 "-" "Mozilla/5.0 (Windows NT 10.0; Win64; x64) AppleWebKit/537.36 (KHTML, like Gecko) Chrome/80.0.3987.122 Safari/537.36"
::1 - - [02/Mar/2020:17:56:29 -0800] "GET /query.php HTTP/1.1" 200 155 "-" "Mozilla/5.0 (Windows NT 10.0; Win64; x64) AppleWebKit/537.36 (KHTML, like Gecko) Chrome/80.0.3987.122 Safari/537.36"
::1 - - [02/Mar/2020:17:57:28 -0800] "GET /query.php HTTP/1.1" 200 1436 "-" "Mozilla/5.0 (Windows NT 10.0; Win64; x64) AppleWebKit/537.36 (KHTML, like Gecko) Chrome/80.0.3987.122 Safari/537.36"
::1 - - [02/Mar/2020:17:57:28 -0800] "GET /favicon.ico HTTP/1.1" 200 30894 "http://localhost/query.php" "Mozilla/5.0 (Windows NT 10.0; Win64; x64) AppleWebKit/537.36 (KHTML, like Gecko) Chrome/80.0.3987.122 Safari/537.36"
::1 - - [02/Mar/2020:18:00:55 -0800] "POST /phpmyadmin/index.php HTTP/1.1" 200 1411 "-" "Mozilla/5.0 (Windows NT 10.0; Win64; x64) AppleWebKit/537.36 (KHTML, like Gecko) Chrome/80.0.3987.122 Safari/537.36"
::1 - - [02/Mar/2020:18:00:57 -0800] "POST /phpmyadmin/index.php HTTP/1.1" 200 1411 "-" "Mozilla/5.0 (Windows NT 10.0; Win64; x64) AppleWebKit/537.36 (KHTML, like Gecko) Chrome/80.0.3987.122 Safari/537.36"
::1 - - [02/Mar/2020:18:01:06 -0800] "GET /input.html HTTP/1.1" 404 1054 "-" "Mozilla/5.0 (Windows NT 10.0; Win64; x64) AppleWebKit/537.36 (KHTML, like Gecko) Chrome/80.0.3987.122 Safari/537.36"
::1 - - [02/Mar/2020:18:01:51 -0800] "GET /inputs.html HTTP/1.1" 200 274 "-" "Mozilla/5.0 (Windows NT 10.0; Win64; x64) AppleWebKit/537.36 (KHTML, like Gecko) Chrome/80.0.3987.122 Safari/537.36"
::1 - - [02/Mar/2020:18:02:00 -0800] "POST /sum.php HTTP/1.1" 200 10 "http://localhost/inputs.html" "Mozilla/5.0 (Windows NT 10.0; Win64; x64) AppleWebKit/537.36 (KHTML, like Gecko) Chrome/80.0.3987.122 Safari/537.36"
::1 - - [02/Mar/2020:18:02:51 -0800] "POST /phpmyadmin/index.php HTTP/1.1" 200 1540 "-" "Mozilla/5.0 (Windows NT 10.0; Win64; x64) AppleWebKit/537.36 (KHTML, like Gecko) Chrome/80.0.3987.122 Safari/537.36"
::1 - - [02/Mar/2020:18:03:08 -0800] "POST /phpmyadmin/index.php HTTP/1.1" 200 1540 "-" "Mozilla/5.0 (Windows NT 10.0; Win64; x64) AppleWebKit/537.36 (KHTML, like Gecko) Chrome/80.0.3987.122 Safari/537.36"
::1 - - [02/Mar/2020:18:03:10 -0800] "POST /phpmyadmin/index.php HTTP/1.1" 200 1540 "-" "Mozilla/5.0 (Windows NT 10.0; Win64; x64) AppleWebKit/537.36 (KHTML, like Gecko) Chrome/80.0.3987.122 Safari/537.36"
::1 - - [02/Mar/2020:18:05:30 -0800] "GET /input-query.html HTTP/1.1" 200 499 "-" "Mozilla/5.0 (Windows NT 10.0; Win64; x64) AppleWebKit/537.36 (KHTML, like Gecko) Chrome/80.0.3987.122 Safari/537.36"
::1 - - [02/Mar/2020:18:06:42 -0800] "POST /input-query.php HTTP/1.1" 200 160 "http://localhost/input-query.html" "Mozilla/5.0 (Windows NT 10.0; Win64; x64) AppleWebKit/537.36 (KHTML, like Gecko) Chrome/80.0.3987.122 Safari/537.36"
::1 - - [02/Mar/2020:18:06:54 -0800] "POST /input-query.php HTTP/1.1" 200 160 "http://localhost/input-query.html" "Mozilla/5.0 (Windows NT 10.0; Win64; x64) AppleWebKit/537.36 (KHTML, like Gecko) Chrome/80.0.3987.122 Safari/537.36"
::1 - - [02/Mar/2020:18:09:19 -0800] "GET /input-query.html HTTP/1.1" 304 - "-" "Mozilla/5.0 (Windows NT 10.0; Win64; x64) AppleWebKit/537.36 (KHTML, like Gecko) Chrome/80.0.3987.122 Safari/537.36"
::1 - - [02/Mar/2020:18:09:26 -0800] "POST /input-query.php HTTP/1.1" 200 181 "http://localhost/input-query.html" "Mozilla/5.0 (Windows NT 10.0; Win64; x64) AppleWebKit/537.36 (KHTML, like Gecko) Chrome/80.0.3987.122 Safari/537.36"
::1 - - [02/Mar/2020:18:09:48 -0800] "POST /input-query.php HTTP/1.1" 200 181 "http://localhost/input-query.html" "Mozilla/5.0 (Windows NT 10.0; Win64; x64) AppleWebKit/537.36 (KHTML, like Gecko) Chrome/80.0.3987.122 Safari/537.36"
::1 - - [02/Mar/2020:18:11:12 -0800] "POST /input-query.php HTTP/1.1" 200 223 "http://localhost/input-query.html" "Mozilla/5.0 (Windows NT 10.0; Win64; x64) AppleWebKit/537.36 (KHTML, like Gecko) Chrome/80.0.3987.122 Safari/537.36"
::1 - - [02/Mar/2020:18:12:11 -0800] "POST /input-query.php HTTP/1.1" 200 191 "http://localhost/input-query.html" "Mozilla/5.0 (Windows NT 10.0; Win64; x64) AppleWebKit/537.36 (KHTML, like Gecko) Chrome/80.0.3987.122 Safari/537.36"
::1 - - [02/Mar/2020:18:12:25 -0800] "POST /input-query.php HTTP/1.1" 200 2 "http://localhost/input-query.html" "Mozilla/5.0 (Windows NT 10.0; Win64; x64) AppleWebKit/537.36 (KHTML, like Gecko) Chrome/80.0.3987.122 Safari/537.36"
::1 - - [02/Mar/2020:18:12:57 -0800] "POST /input-query.php HTTP/1.1" 200 2 "http://localhost/input-query.html" "Mozilla/5.0 (Windows NT 10.0; Win64; x64) AppleWebKit/537.36 (KHTML, like Gecko) Chrome/80.0.3987.122 Safari/537.36"
::1 - - [02/Mar/2020:18:13:12 -0800] "POST /input-query.php HTTP/1.1" 200 192 "http://localhost/input-query.html" "Mozilla/5.0 (Windows NT 10.0; Win64; x64) AppleWebKit/537.36 (KHTML, like Gecko) Chrome/80.0.3987.122 Safari/537.36"
::1 - - [02/Mar/2020:18:17:53 -0800] "GET /update.php HTTP/1.1" 200 153 "-" "Mozilla/5.0 (Windows NT 10.0; Win64; x64) AppleWebKit/537.36 (KHTML, like Gecko) Chrome/80.0.3987.122 Safari/537.36"
::1 - - [02/Mar/2020:18:19:59 -0800] "GET /update.php HTTP/1.1" 200 721 "-" "Mozilla/5.0 (Windows NT 10.0; Win64; x64) AppleWebKit/537.36 (KHTML, like Gecko) Chrome/80.0.3987.122 Safari/537.36"
::1 - - [02/Mar/2020:18:19:59 -0800] "GET /favicon.ico HTTP/1.1" 200 30894 "http://localhost/update.php" "Mozilla/5.0 (Windows NT 10.0; Win64; x64) AppleWebKit/537.36 (KHTML, like Gecko) Chrome/80.0.3987.122 Safari/537.36"
::1 - - [02/Mar/2020:18:20:33 -0800] "POST /process-update.php HTTP/1.1" 200 744 "http://localhost/update.php" "Mozilla/5.0 (Windows NT 10.0; Win64; x64) AppleWebKit/537.36 (KHTML, like Gecko) Chrome/80.0.3987.122 Safari/537.36"
::1 - - [02/Mar/2020:18:21:14 -0800] "POST /process-update.php HTTP/1.1" 200 30 "http://localhost/update.php" "Mozilla/5.0 (Windows NT 10.0; Win64; x64) AppleWebKit/537.36 (KHTML, like Gecko) Chrome/80.0.3987.122 Safari/537.36"
::1 - - [02/Mar/2020:18:21:20 -0800] "GET /phpmyadmin/sql.php?server=1&db=zagi&table=customer&pos=0 HTTP/1.1" 200 15184 "-" "Mozilla/5.0 (Windows NT 10.0; Win64; x64) AppleWebKit/537.36 (KHTML, like Gecko) Chrome/80.0.3987.122 Safari/537.36"
::1 - - [02/Mar/2020:18:21:21 -0800] "GET /phpmyadmin/themes/pmahomme/css/theme.css?v=5.0.1&nocache=6323296342ltr&server=1 HTTP/1.1" 200 100397 "-" "Mozilla/5.0 (Windows NT 10.0; Win64; x64) AppleWebKit/537.36 (KHTML, like Gecko) Chrome/80.0.3987.122 Safari/537.36"
::1 - - [02/Mar/2020:18:21:21 -0800] "POST /phpmyadmin/ajax.php HTTP/1.1" 200 1421 "-" "Mozilla/5.0 (Windows NT 10.0; Win64; x64) AppleWebKit/537.36 (KHTML, like Gecko) Chrome/80.0.3987.122 Safari/537.36"
::1 - - [02/Mar/2020:18:21:21 -0800] "POST /phpmyadmin/navigation.php?ajax_request=1 HTTP/1.1" 200 2813 "-" "Mozilla/5.0 (Windows NT 10.0; Win64; x64) AppleWebKit/537.36 (KHTML, like Gecko) Chrome/80.0.3987.122 Safari/537.36"
::1 - - [02/Mar/2020:18:21:21 -0800] "POST /phpmyadmin/ajax.php HTTP/1.1" 200 1518 "-" "Mozilla/5.0 (Windows NT 10.0; Win64; x64) AppleWebKit/537.36 (KHTML, like Gecko) Chrome/80.0.3987.122 Safari/537.36"
::1 - - [02/Mar/2020:18:21:22 -0800] "POST /phpmyadmin/ajax.php HTTP/1.1" 200 1412 "-" "Mozilla/5.0 (Windows NT 10.0; Win64; x64) AppleWebKit/537.36 (KHTML, like Gecko) Chrome/80.0.3987.122 Safari/537.36"
::1 - - [02/Mar/2020:18:21:22 -0800] "GET /phpmyadmin/index.php?ajax_request=1&recent_table=1&no_debug=true&_nocache=1583202082149546084&token=2148702b60473d2b242853412641397e HTTP/1.1" 200 1503 "-" "Mozilla/5.0 (Windows NT 10.0; Win64; x64) AppleWebKit/537.36 (KHTML, like Gecko) Chrome/80.0.3987.122 Safari/537.36"
::1 - - [02/Mar/2020:18:21:22 -0800] "GET /phpmyadmin/favicon.ico HTTP/1.1" 200 22486 "-" "Mozilla/5.0 (Windows NT 10.0; Win64; x64) AppleWebKit/537.36 (KHTML, like Gecko) Chrome/80.0.3987.122 Safari/537.36"
::1 - - [02/Mar/2020:18:24:57 -0800] "POST /phpmyadmin/index.php HTTP/1.1" 200 1411 "-" "Mozilla/5.0 (Windows NT 10.0; Win64; x64) AppleWebKit/537.36 (KHTML, like Gecko) Chrome/80.0.3987.122 Safari/537.36"
::1 - - [02/Mar/2020:18:24:59 -0800] "POST /phpmyadmin/index.php HTTP/1.1" 200 1411 "-" "Mozilla/5.0 (Windows NT 10.0; Win64; x64) AppleWebKit/537.36 (KHTML, like Gecko) Chrome/80.0.3987.122 Safari/537.36"
