[Mon Mar 02 17:23:58.163693 2020] [ssl:warn] [pid 42332:tid 632] AH01909: www.example.com:443:0 server certificate does NOT include an ID which matches the server name
[Mon Mar 02 17:23:58.239456 2020] [ssl:warn] [pid 42332:tid 632] AH01909: www.example.com:443:0 server certificate does NOT include an ID which matches the server name
[Mon Mar 02 17:23:58.278097 2020] [mpm_winnt:notice] [pid 42332:tid 632] AH00455: Apache/2.4.41 (Win64) OpenSSL/1.1.1c PHP/7.2.27 configured -- resuming normal operations
[Mon Mar 02 17:23:58.278097 2020] [mpm_winnt:notice] [pid 42332:tid 632] AH00456: Apache Lounge VC15 Server built: Aug 11 2019 12:20:04
[Mon Mar 02 17:23:58.278097 2020] [core:notice] [pid 42332:tid 632] AH00094: Command line: 'c:\\users\\genev\\documents\\cpsc304\\milestone4\\apache\\bin\\httpd.exe -d C:/Users/genev/Documents/CPSC304/Milestone4/apache'
[Mon Mar 02 17:23:58.280092 2020] [mpm_winnt:notice] [pid 42332:tid 632] AH00418: Parent: Created child process 62144
[Mon Mar 02 17:23:58.696089 2020] [ssl:warn] [pid 62144:tid 620] AH01909: www.example.com:443:0 server certificate does NOT include an ID which matches the server name
[Mon Mar 02 17:23:58.734173 2020] [ssl:warn] [pid 62144:tid 620] AH01909: www.example.com:443:0 server certificate does NOT include an ID which matches the server name
[Mon Mar 02 17:23:58.758149 2020] [mpm_winnt:notice] [pid 62144:tid 620] AH00354: Child: Starting 150 worker threads.
[Mon Mar 02 17:30:43.736658 2020] [php7:error] [pid 62144:tid 1892] [client ::1:51370] script 'C:/Users/genev/Documents/CPSC304/Milestone4/htdocs/phpinfo.php' not found or unable to stat
[Mon Mar 02 17:47:34.637229 2020] [php7:error] [pid 62144:tid 1892] [client ::1:56858] PHP Fatal error:  Uncaught Error: Call to undefined function OpenCon() in C:\\Users\\genev\\Documents\\CPSC304\\Milestone4\\htdocs\\check-connection.php:3\nStack trace:\n#0 {main}\n  thrown in C:\\Users\\genev\\Documents\\CPSC304\\Milestone4\\htdocs\\check-connection.php on line 3
[Mon Mar 02 17:48:44.789941 2020] [php7:error] [pid 62144:tid 1860] [client ::1:56861] PHP Fatal error:  Uncaught Error: Call to undefined function OpenCon() in C:\\Users\\genev\\Documents\\CPSC304\\Milestone4\\htdocs\\check-connection.php:3\nStack trace:\n#0 {main}\n  thrown in C:\\Users\\genev\\Documents\\CPSC304\\Milestone4\\htdocs\\check-connection.php on line 3
[Mon Mar 02 17:48:48.038335 2020] [php7:error] [pid 62144:tid 1860] [client ::1:56861] PHP Fatal error:  Uncaught Error: Call to undefined function OpenCon() in C:\\Users\\genev\\Documents\\CPSC304\\Milestone4\\htdocs\\check-connection.php:3\nStack trace:\n#0 {main}\n  thrown in C:\\Users\\genev\\Documents\\CPSC304\\Milestone4\\htdocs\\check-connection.php on line 3
[Mon Mar 02 17:50:07.129745 2020] [php7:error] [pid 62144:tid 1892] [client ::1:56868] PHP Fatal error:  Uncaught Error: Call to undefined function OpenCon() in C:\\Users\\genev\\Documents\\CPSC304\\Milestone4\\htdocs\\check-connection.php:3\nStack trace:\n#0 {main}\n  thrown in C:\\Users\\genev\\Documents\\CPSC304\\Milestone4\\htdocs\\check-connection.php on line 3
[Mon Mar 02 17:56:29.706979 2020] [php7:error] [pid 62144:tid 1860] [client ::1:56910] PHP Parse error:  syntax error, unexpected '>' in C:\\Users\\genev\\Documents\\CPSC304\\Milestone4\\htdocs\\query.php on line 12
[Mon Mar 02 18:06:42.644862 2020] [php7:error] [pid 62144:tid 1860] [client ::1:57012] PHP Parse error:  syntax error, unexpected '<' in C:\\Users\\genev\\Documents\\CPSC304\\Milestone4\\htdocs\\input-query.php on line 9, referer: http://localhost/input-query.html
[Mon Mar 02 18:06:54.318829 2020] [php7:error] [pid 62144:tid 1892] [client ::1:57015] PHP Parse error:  syntax error, unexpected '<' in C:\\Users\\genev\\Documents\\CPSC304\\Milestone4\\htdocs\\input-query.php on line 9, referer: http://localhost/input-query.html
[Mon Mar 02 18:09:26.319828 2020] [php7:error] [pid 62144:tid 1892] [client ::1:57029] PHP Parse error:  syntax error, unexpected '_field_direct' (T_STRING) in C:\\Users\\genev\\Documents\\CPSC304\\Milestone4\\htdocs\\input-query.php on line 11, referer: http://localhost/input-query.html
[Mon Mar 02 18:09:48.783569 2020] [php7:error] [pid 62144:tid 1860] [client ::1:57031] PHP Parse error:  syntax error, unexpected '_field_direct' (T_STRING) in C:\\Users\\genev\\Documents\\CPSC304\\Milestone4\\htdocs\\input-query.php on line 12, referer: http://localhost/input-query.html
[Mon Mar 02 18:11:12.246179 2020] [php7:error] [pid 62144:tid 1892] [client ::1:57035] PHP Parse error:  syntax error, unexpected 'bolWhite' (T_STRING), expecting variable (T_VARIABLE) or '{' or '$' in C:\\Users\\genev\\Documents\\CPSC304\\Milestone4\\htdocs\\input-query.php on line 22, referer: http://localhost/input-query.html
[Mon Mar 02 18:17:53.959297 2020] [php7:error] [pid 62144:tid 1860] [client ::1:57081] PHP Parse error:  syntax error, unexpected '=' in C:\\Users\\genev\\Documents\\CPSC304\\Milestone4\\htdocs\\update.php on line 18
[Mon Mar 02 18:20:33.252592 2020] [php7:warn] [pid 62144:tid 1860] [client ::1:57094] PHP Warning:  include(\r\nconnect.php): failed to open stream: No such file or directory in C:\\Users\\genev\\Documents\\CPSC304\\Milestone4\\htdocs\\process-update.php on line 2, referer: http://localhost/update.php
[Mon Mar 02 18:20:33.252592 2020] [php7:warn] [pid 62144:tid 1860] [client ::1:57094] PHP Warning:  include(): Failed opening '\r\nconnect.php' for inclusion (include_path='C:\\Users\\genev\\Documents\\CPSC304\\Milestone4\\php\\PEAR') in C:\\Users\\genev\\Documents\\CPSC304\\Milestone4\\htdocs\\process-update.php on line 2, referer: http://localhost/update.php
[Mon Mar 02 18:20:33.253590 2020] [php7:error] [pid 62144:tid 1860] [client ::1:57094] PHP Fatal error:  Uncaught Error: Call to undefined function OpenCon() in C:\\Users\\genev\\Documents\\CPSC304\\Milestone4\\htdocs\\process-update.php:6\nStack trace:\n#0 {main}\n  thrown in C:\\Users\\genev\\Documents\\CPSC304\\Milestone4\\htdocs\\process-update.php on line 6, referer: http://localhost/update.php
